<?xml version="1.0" encoding="UTF-8"?>
<!-- Generated by org.testng.reporters.JUnitXMLReporter -->
<testsuite hostname="Deepan" ignored="0" name="Default test" tests="3" failures="0" timestamp="2021-10-26T15:35:42 IST" time="31.531" errors="0">
  <testcase name="Scenario_TC01" time="16.481" classname="testcases.AutomationTestScenario"/>
  <testcase name="Scenario_TC02" time="2.856" classname="testcases.AutomationTestScenario"/>
  <testcase name="Scenario_TC03" time="5.806" classname="testcases.AutomationTestScenario"/>
</testsuite> <!-- Default test -->
