<?xml version="1.0" encoding="UTF-8"?>
<!-- Generated by org.testng.reporters.JUnitXMLReporter -->
<testsuite hostname="Deepan" ignored="0" name="Default test" tests="3" failures="0" timestamp="2021-10-26T18:30:07 IST" time="121.239" errors="0">
  <testcase name="Scenario_TC01" time="21.35" classname="testcases.AutomationTestScenario"/>
  <testcase name="Scenario_TC02" time="60.97" classname="testcases.AutomationTestScenario"/>
  <testcase name="Scenario_TC03" time="31.119" classname="testcases.AutomationTestScenario"/>
</testsuite> <!-- Default test -->
