<?xml version="1.0" encoding="UTF-8"?>
<!-- Generated by org.testng.reporters.JUnitXMLReporter -->
<testsuite hostname="Deepan" ignored="0" name="Automation Suite" tests="3" failures="0" timestamp="2021-10-26T18:16:22 IST" time="77.1" errors="0">
  <testcase name="Scenario_TC01" time="53.861" classname="testcases.AutomationTestScenario"/>
  <testcase name="Scenario_TC02" time="3.833" classname="testcases.AutomationTestScenario"/>
  <testcase name="Scenario_TC03" time="8.115" classname="testcases.AutomationTestScenario"/>
</testsuite> <!-- Automation Suite -->
