<?xml version="1.0" encoding="UTF-8"?>
<!-- Generated by org.testng.reporters.JUnitXMLReporter -->
<testsuite hostname="Deepan" ignored="0" name="Automation Suite" tests="3" failures="0" timestamp="2021-10-26T15:10:56 IST" time="49.638" errors="0">
  <testcase name="loginTest_TC01" time="36.712" classname="testcases.AutomationTestScenario"/>
  <testcase name="loginTest_TC02" time="2.174" classname="testcases.AutomationTestScenario"/>
  <testcase name="loginTest_TC03" time="4.008" classname="testcases.AutomationTestScenario"/>
</testsuite> <!-- Automation Suite -->
