<?xml version="1.0" encoding="UTF-8"?>
<testng-results skipped="0" failed="0" ignored="0" total="1" passed="1">
  <reporter-output>
  </reporter-output>
  <suite name="Default suite" duration-ms="16578" started-at="2021-11-20T15:10:37 IST" finished-at="2021-11-20T15:10:54 IST">
    <groups>
    </groups>
    <test name="Default test" duration-ms="16578" started-at="2021-11-20T15:10:37 IST" finished-at="2021-11-20T15:10:54 IST">
      <class name="testcases.Amazontestcase">
        <test-method status="PASS" signature="setup(org.testng.ITestContext)[pri:0, instance:testcases.Amazontestcase@2663d3]" name="setup" is-config="true" duration-ms="4046" started-at="2021-11-20T15:10:37 IST" finished-at="2021-11-20T15:10:41 IST">
          <params>
            <param index="0">
              <value>
                <![CDATA[org.testng.TestRunner@121844c]]>
              </value>
            </param>
          </params>
          <reporter-output>
          </reporter-output>
        </test-method> <!-- setup -->
        <test-method status="PASS" signature="Scenario_TC01()[pri:0, instance:testcases.Amazontestcase@2663d3]" name="Scenario_TC01" duration-ms="11053" started-at="2021-11-20T15:10:41 IST" finished-at="2021-11-20T15:10:52 IST">
          <reporter-output>
          </reporter-output>
        </test-method> <!-- Scenario_TC01 -->
        <test-method status="PASS" signature="tearDown()[pri:0, instance:testcases.Amazontestcase@2663d3]" name="tearDown" is-config="true" duration-ms="1459" started-at="2021-11-20T15:10:52 IST" finished-at="2021-11-20T15:10:54 IST">
          <reporter-output>
          </reporter-output>
        </test-method> <!-- tearDown -->
      </class> <!-- testcases.Amazontestcase -->
    </test> <!-- Default test -->
  </suite> <!-- Default suite -->
</testng-results>
